2026-03-09 21:51:01.029  INFO --- [kground-preinit] o.h.v.i.u.Version                        : HV000001: Hibernate Validator 8.0.1.Final
2026-03-09 21:51:01.157  INFO --- [  restartedMain] c.r.r.RevPlayApplication                 : Starting RevPlayApplication using Java 21.0.5 with PID 16888 (C:\Users\manke\Downloads\RevPlay-Original\RevPlay_Application\target\classes started by manke in C:\Users\manke\Downloads\RevPlay-Original\RevPlay_Application)
2026-03-09 21:51:01.163 DEBUG --- [  restartedMain] c.r.r.RevPlayApplication                 : Running with Spring Boot v3.2.3, Spring v6.1.4
2026-03-09 21:51:01.165  INFO --- [  restartedMain] c.r.r.RevPlayApplication                 : No active profile set, falling back to 1 default profile: "default"
2026-03-09 21:51:01.249  INFO --- [  restartedMain] o.s.b.d.r.ChangeableUrls                 : The Class-Path manifest attribute in C:\Users\manke\.m2\repository\com\oracle\database\jdbc\ojdbc11\21.9.0.0\ojdbc11-21.9.0.0.jar referenced one or more files that do not exist: file:/C:/Users/manke/.m2/repository/com/oracle/database/jdbc/ojdbc11/21.9.0.0/oraclepki.jar
2026-03-09 21:51:01.250  INFO --- [  restartedMain] .e.DevToolsPropertyDefaultsPostProcessor : Devtools property defaults active! Set 'spring.devtools.add-properties' to 'false' to disable
2026-03-09 21:51:01.251  INFO --- [  restartedMain] .e.DevToolsPropertyDefaultsPostProcessor : For additional web related logging consider setting the 'logging.level.web' property to 'DEBUG'
2026-03-09 21:51:02.632  INFO --- [  restartedMain] .s.d.r.c.RepositoryConfigurationDelegate : Bootstrapping Spring Data JPA repositories in DEFAULT mode.
2026-03-09 21:51:02.786  INFO --- [  restartedMain] .s.d.r.c.RepositoryConfigurationDelegate : Finished Spring Data repository scanning in 139 ms. Found 6 JPA repository interfaces.
2026-03-09 21:51:03.831  INFO --- [  restartedMain] o.s.b.w.e.t.TomcatWebServer              : Tomcat initialized with port 8080 (http)
2026-03-09 21:51:03.859  INFO --- [  restartedMain] o.a.c.h.Http11NioProtocol                : Initializing ProtocolHandler ["http-nio-8080"]
2026-03-09 21:51:03.864  INFO --- [  restartedMain] o.a.c.c.StandardService                  : Starting service [Tomcat]
2026-03-09 21:51:03.866  INFO --- [  restartedMain] o.a.c.c.StandardEngine                   : Starting Servlet engine: [Apache Tomcat/10.1.19]
2026-03-09 21:51:03.965  INFO --- [  restartedMain] o.a.c.c.C.[.[.[/]                        : Initializing Spring embedded WebApplicationContext
2026-03-09 21:51:03.968  INFO --- [  restartedMain] w.s.c.ServletWebServerApplicationContext : Root WebApplicationContext: initialization completed in 2713 ms
2026-03-09 21:51:04.425  INFO --- [  restartedMain] o.h.j.i.u.LogHelper                      : HHH000204: Processing PersistenceUnitInfo [name: default]
2026-03-09 21:51:04.539  INFO --- [  restartedMain] o.h.Version                              : HHH000412: Hibernate ORM core version 6.4.4.Final
2026-03-09 21:51:04.604  INFO --- [  restartedMain] o.h.c.i.RegionFactoryInitiator           : HHH000026: Second-level cache disabled
2026-03-09 21:51:05.019  INFO --- [  restartedMain] o.s.o.j.p.SpringPersistenceUnitInfo      : No LoadTimeWeaver setup: ignoring JPA class transformer
2026-03-09 21:51:05.075  INFO --- [  restartedMain] c.z.h.HikariDataSource                   : HikariPool-1 - Starting...
2026-03-09 21:51:05.693  INFO --- [  restartedMain] c.z.h.p.HikariPool                       : HikariPool-1 - Added connection oracle.jdbc.driver.T4CConnection@2a46125e
2026-03-09 21:51:05.697  INFO --- [  restartedMain] c.z.h.HikariDataSource                   : HikariPool-1 - Start completed.
2026-03-09 21:51:06.073  WARN --- [  restartedMain] o.h.o.deprecation                        : HHH90000025: OracleDialect does not need to be specified explicitly using 'hibernate.dialect' (remove the property setting and it will be selected by default)
2026-03-09 21:51:08.692  INFO --- [  restartedMain] o.h.e.t.j.p.i.JtaPlatformInitiator       : HHH000489: No JTA platform available (set 'hibernate.transaction.jta.platform' to enable JTA platform integration)
2026-03-09 21:51:09.581  INFO --- [  restartedMain] j.LocalContainerEntityManagerFactoryBean : Initialized JPA EntityManagerFactory for persistence unit 'default'
2026-03-09 21:51:10.380  INFO --- [  restartedMain] o.s.d.j.r.q.QueryEnhancerFactory         : Hibernate is in classpath; If applicable, HQL parser will be used.
2026-03-09 21:51:11.992  WARN --- [  restartedMain] JpaBaseConfiguration$JpaWebConfiguration : spring.jpa.open-in-view is enabled by default. Therefore, database queries may be performed during view rendering. Explicitly configure spring.jpa.open-in-view to disable this warning
2026-03-09 21:51:12.450  INFO --- [  restartedMain] c.r.r.c.WebConfig                        : Exposing directory: uploads -> file:/C:\Users\manke\Downloads\RevPlay-Original\RevPlay_Application\uploads
2026-03-09 21:51:12.452  INFO --- [  restartedMain] c.r.r.c.WebMvcConfig                     : Configuring resource mapping for uploads: /uploads/** -> file:/C:\Users\manke\Downloads\RevPlay-Original\RevPlay_Application\uploads/
2026-03-09 21:51:12.568  INFO --- [  restartedMain] o.s.s.w.DefaultSecurityFilterChain       : Will secure any request with [org.springframework.security.web.session.DisableEncodeUrlFilter@767f3e52, org.springframework.security.web.context.request.async.WebAsyncManagerIntegrationFilter@352f24d2, org.springframework.security.web.context.SecurityContextHolderFilter@44096edd, org.springframework.security.web.header.HeaderWriterFilter@4a9fc54b, org.springframework.web.filter.CorsFilter@33e1c907, org.springframework.security.web.authentication.logout.LogoutFilter@1750869c, org.springframework.security.web.authentication.UsernamePasswordAuthenticationFilter@2a257a92, org.springframework.security.web.savedrequest.RequestCacheAwareFilter@1c89ea3c, org.springframework.security.web.servletapi.SecurityContextHolderAwareRequestFilter@61235a4f, org.springframework.security.web.authentication.AnonymousAuthenticationFilter@3d3e6d43, org.springframework.security.web.access.ExceptionTranslationFilter@53bd4438, org.springframework.security.web.access.intercept.AuthorizationFilter@4760f725]
2026-03-09 21:51:13.040  INFO --- [  restartedMain] o.s.b.d.a.OptionalLiveReloadServer       : LiveReload server is running on port 35729
2026-03-09 21:51:13.068  INFO --- [  restartedMain] o.a.c.h.Http11NioProtocol                : Starting ProtocolHandler ["http-nio-8080"]
2026-03-09 21:51:13.106  INFO --- [  restartedMain] o.s.b.w.e.t.TomcatWebServer              : Tomcat started on port 8080 (http) with context path ''
2026-03-09 21:51:13.121  INFO --- [  restartedMain] c.r.r.RevPlayApplication                 : Started RevPlayApplication in 12.605 seconds (process running for 14.285)
